<?xml version="1.0" encoding="UTF-8"?>
<testng-results ignored="0" total="1" passed="1" failed="0" skipped="0">
  <reporter-output>
  </reporter-output>
  <suite started-at="2024-07-26T01:42:04 EDT" name="Default suite" finished-at="2024-07-26T01:42:41 EDT" duration-ms="36551">
    <groups>
    </groups>
    <test started-at="2024-07-26T01:42:04 EDT" name="Default test" finished-at="2024-07-26T01:42:41 EDT" duration-ms="36551">
      <class name="unit.SampleFrameworkCreation">
        <test-method signature="webTest()[pri:0, instance:unit.SampleFrameworkCreation@17f9d882]" started-at="2024-07-26T01:42:04 EDT" name="webTest" finished-at="2024-07-26T01:42:41 EDT" duration-ms="36514" status="PASS">
          <reporter-output>
          </reporter-output>
        </test-method> <!-- webTest -->
      </class> <!-- unit.SampleFrameworkCreation -->
    </test> <!-- Default test -->
  </suite> <!-- Default suite -->
</testng-results>
